[ 2018-09-05T14:21:13+08:00 ] ::1 /quantification2.0/json/newsList.json?page=1&limit=20
INFO: [ app_init ] --START--
INFO: Run Behavior\BuildLiteBehavior [ RunTime:0.000016s ]
INFO: [ app_init ] --END-- [ RunTime:0.000338s ]
ERR: 无法加载模块:Json

[ 2018-09-05T14:21:47+08:00 ] ::1 /quantification2.0/json/newsList.json?page=1&limit=20
INFO: [ app_init ] --START--
INFO: Run Behavior\BuildLiteBehavior [ RunTime:0.000012s ]
INFO: [ app_init ] --END-- [ RunTime:0.000288s ]
ERR: 无法加载模块:Json

[ 2018-09-05T14:35:21+08:00 ] ::1 /quantification2.0/json/newsList.json?page=1&limit=20
INFO: [ app_init ] --START--
INFO: Run Behavior\BuildLiteBehavior [ RunTime:0.000017s ]
INFO: [ app_init ] --END-- [ RunTime:0.000329s ]
ERR: 无法加载模块:Json

[ 2018-09-05T14:35:59+08:00 ] ::1 /quantification2.0/json/newsList.json?page=1&limit=20
INFO: [ app_init ] --START--
INFO: Run Behavior\BuildLiteBehavior [ RunTime:0.000011s ]
INFO: [ app_init ] --END-- [ RunTime:0.000281s ]
ERR: 无法加载模块:Json

[ 2018-09-05T14:36:16+08:00 ] ::1 /quantification2.0/json/newsList.json?page=1&limit=20
INFO: [ app_init ] --START--
INFO: Run Behavior\BuildLiteBehavior [ RunTime:0.000021s ]
INFO: [ app_init ] --END-- [ RunTime:0.000553s ]
ERR: 无法加载模块:Json

